  416041343_PROYECTOFINAL2023-1_GPO07.cpp
D:\Documents\GitHub\416041343_PROYECTOFINAL2023-1_GPO07\ProyectoFinal\ProyectoFinal\modelAnim.h(104,44): warning C4244: '=': conversión de 'double' a 'float'; posible pérdida de datos
D:\Documents\GitHub\416041343_PROYECTOFINAL2023-1_GPO07\ProyectoFinal\ProyectoFinal\modelAnim.h(519,24): warning C4244: 'inicializando': conversión de 'double' a 'float'; posible pérdida de datos
D:\Documents\GitHub\416041343_PROYECTOFINAL2023-1_GPO07\ProyectoFinal\ProyectoFinal\416041343_PROYECTOFINAL2023-1_GPO07.cpp(543,24): warning C4244: 'inicializando': conversión de 'double' a 'GLfloat'; posible pérdida de datos
D:\Documents\GitHub\416041343_PROYECTOFINAL2023-1_GPO07\ProyectoFinal\ProyectoFinal\416041343_PROYECTOFINAL2023-1_GPO07.cpp(1003,26): warning C4244: '=': conversión de 'double' a 'float'; posible pérdida de datos
D:\Documents\GitHub\416041343_PROYECTOFINAL2023-1_GPO07\ProyectoFinal\ProyectoFinal\416041343_PROYECTOFINAL2023-1_GPO07.cpp(1019,26): warning C4244: '=': conversión de 'double' a 'float'; posible pérdida de datos
D:\Documents\GitHub\416041343_PROYECTOFINAL2023-1_GPO07\ProyectoFinal\ProyectoFinal\416041343_PROYECTOFINAL2023-1_GPO07.cpp(1225,11): warning C4244: '=': conversión de 'double' a 'GLfloat'; posible pérdida de datos
D:\Documents\GitHub\416041343_PROYECTOFINAL2023-1_GPO07\ProyectoFinal\ProyectoFinal\416041343_PROYECTOFINAL2023-1_GPO07.cpp(1226,11): warning C4244: '=': conversión de 'double' a 'GLfloat'; posible pérdida de datos
D:\Documents\GitHub\416041343_PROYECTOFINAL2023-1_GPO07\ProyectoFinal\ProyectoFinal\416041343_PROYECTOFINAL2023-1_GPO07.cpp(1230,18): warning C4244: 'inicializando': conversión de 'double' a 'GLfloat'; posible pérdida de datos
D:\Documents\GitHub\416041343_PROYECTOFINAL2023-1_GPO07\ProyectoFinal\ProyectoFinal\416041343_PROYECTOFINAL2023-1_GPO07.cpp(1231,18): warning C4244: 'inicializando': conversión de 'double' a 'GLfloat'; posible pérdida de datos
D:\Documents\GitHub\416041343_PROYECTOFINAL2023-1_GPO07\ProyectoFinal\ProyectoFinal\416041343_PROYECTOFINAL2023-1_GPO07.cpp(1233,10): warning C4244: '=': conversión de 'double' a 'GLfloat'; posible pérdida de datos
D:\Documents\GitHub\416041343_PROYECTOFINAL2023-1_GPO07\ProyectoFinal\ProyectoFinal\416041343_PROYECTOFINAL2023-1_GPO07.cpp(1234,10): warning C4244: '=': conversión de 'double' a 'GLfloat'; posible pérdida de datos
D:\Documents\GitHub\416041343_PROYECTOFINAL2023-1_GPO07\ProyectoFinal\ProyectoFinal\416041343_PROYECTOFINAL2023-1_GPO07.cpp(1245,15): warning C4305: '+=': truncamiento de 'double' a 'float'
D:\Documents\GitHub\416041343_PROYECTOFINAL2023-1_GPO07\ProyectoFinal\ProyectoFinal\416041343_PROYECTOFINAL2023-1_GPO07.cpp(1252,15): warning C4305: '-=': truncamiento de 'double' a 'float'
D:\Documents\GitHub\416041343_PROYECTOFINAL2023-1_GPO07\ProyectoFinal\ProyectoFinal\416041343_PROYECTOFINAL2023-1_GPO07.cpp(1258,15): warning C4305: '+=': truncamiento de 'double' a 'float'
D:\Documents\GitHub\416041343_PROYECTOFINAL2023-1_GPO07\ProyectoFinal\ProyectoFinal\416041343_PROYECTOFINAL2023-1_GPO07.cpp(1264,15): warning C4305: '-=': truncamiento de 'double' a 'float'
soil2-debug.lib(SOIL2.obj) : warning LNK4075: se omite '/EDITANDCONTINUE' debido a la especificación '/OPT:ICF'
LINK : warning LNK4098: la biblioteca predeterminada'MSVCRTD' entra en conflicto con otras bibliotecas; use la biblioteca /NODEFAULTLIB:biblioteca
  Generando código
  17 of 712 functions ( 2.4%) were compiled, the rest were copied from previous compilation.
    2 functions were new in current compilation
    14 functions had inline decision re-evaluated but remain unchanged
  Generación de código finalizada
soil2-debug.lib(etc1_utils.obj) : warning LNK4099: no se encontró PDB 'soil2-debug.pdb' con 'soil2-debug.lib(etc1_utils.obj)' o en 'D:\Documents\GitHub\416041343_PROYECTOFINAL2023-1_GPO07\ProyectoFinal\Release\soil2-debug.pdb'; se vinculará el objeto sin tener en cuenta información de depuración
soil2-debug.lib(image_DXT.obj) : warning LNK4099: no se encontró PDB 'soil2-debug.pdb' con 'soil2-debug.lib(image_DXT.obj)' o en 'D:\Documents\GitHub\416041343_PROYECTOFINAL2023-1_GPO07\ProyectoFinal\Release\soil2-debug.pdb'; se vinculará el objeto sin tener en cuenta información de depuración
soil2-debug.lib(image_helper.obj) : warning LNK4099: no se encontró PDB 'soil2-debug.pdb' con 'soil2-debug.lib(image_helper.obj)' o en 'D:\Documents\GitHub\416041343_PROYECTOFINAL2023-1_GPO07\ProyectoFinal\Release\soil2-debug.pdb'; se vinculará el objeto sin tener en cuenta información de depuración
soil2-debug.lib(SOIL2.obj) : warning LNK4099: no se encontró PDB 'soil2-debug.pdb' con 'soil2-debug.lib(SOIL2.obj)' o en 'D:\Documents\GitHub\416041343_PROYECTOFINAL2023-1_GPO07\ProyectoFinal\Release\soil2-debug.pdb'; se vinculará el objeto sin tener en cuenta información de depuración
  ProyectoFinal.vcxproj -> D:\Documents\GitHub\416041343_PROYECTOFINAL2023-1_GPO07\ProyectoFinal\Release\ProyectoFinal.exe
